 
****************************************
Report : area
Design : system
Version: O-2018.06
Date   : Mon May  3 17:43:58 2021
****************************************

Library(s) Used:

    slow (File: /usr/cad/CBDK/CBDK_IC_Contest_v2.1/SynopsysDC/db/slow.db)

Number of ports:                         1873
Number of nets:                          8119
Number of cells:                         5905
Number of combinational cells:           5517
Number of sequential cells:               347
Number of macros/black boxes:               0
Number of buf/inv:                       1094
Number of references:                      11

Combinational area:              83103.006363
Buf/Inv area:                     8709.359388
Noncombinational area:           12370.650955
Macro/Black Box area:                0.000000
Net Interconnect area:          620903.131348

Total cell area:                 95473.657318
Total area:                     716376.788666
1
