### Custom WaveView ADV log file, revision N-2017.12 (build Nov 23, ) ###
### created at 17:42:25 on Wed May  5 2021 (Linux AMD64) ###
### Host Name: vlsicad8   User ID: vlsi2174   PID: 25557   ###
wv_start_log
# (0) running in waveview only mode
# (0) SW_SX_PERL_LIB defined
# (0) SW_SX_TCL_LIB defined
# (0) HOME defined
wv_move_window {Custom WaveView} {} 2 48
wv_select_window {Custom WaveView} 
wv_press_tool_button {Custom WaveView} {} {OpenWaveform0} 
wv_select_list_item {FileDialog} {} {FileList} {test.tr0} 9
wv_dclick_list_item {FileDialog} {} {FileList} {test.tr0} 9
wv_move_window {Custom WaveView} {} -2 25
wv_resize_browser {Custom WaveView} {} {WV.Browser} 250 866
wv_resize_browser {Custom WaveView} {} {waveview 1:1} 1660 840
wv_resize_window {Custom WaveView} 1920 1007
wv_expand_tree_item {Custom WaveView} {} {hierview} {D0:test.tr0(0)} {+sep=@}
wv_drag_tree_item {Custom WaveView} {} {hierview} {D0:test.tr0(0)@toplevel(0)} {+sep=@}
wv_select_tree_item {Custom WaveView} {} {hierview} {D0:test.tr0(0)@toplevel(0)} {0} {+sep=@}
wv_select_list_item {Custom WaveView} {} {sigview} {v(vin)} 6
wv_select_list_item {Custom WaveView} {} {sigview} {v(vin)} 6
wv_dclick_list_item {Custom WaveView} {} {sigview} {v(vin)} 6
wv_select_list_item {Custom WaveView} {} {sigview} {v(vout)} 7
wv_dclick_list_item {Custom WaveView} {} {sigview} {v(vout)} 7
wv_ctrl_wheel_up WV1.PANEL2:1
wv_ctrl_wheel_up WV1.PANEL2:1
wv_ctrl_wheel_up WV1.PANEL2:1
wv_ctrl_wheel_up WV1.PANEL2:1
wv_ctrl_wheel_down WV1.PANEL2:1
wv_ctrl_wheel_down WV1.PANEL2:1
wv_ctrl_wheel_down WV1.PANEL2:1
wv_ctrl_wheel_down WV1.PANEL2:1
wv_ctrl_wheel_down WV1.PANEL2:1
wv_ctrl_wheel_down WV1.PANEL2:1
wv_ctrl_wheel_down WV1.PANEL2:1
wv_ctrl_wheel_down WV1.PANEL2:1
wv_ctrl_wheel_up WV1.PANEL2:1
wv_ctrl_wheel_up WV1.PANEL2:1
wv_ctrl_wheel_up WV1.PANEL2:1
wv_ctrl_wheel_up WV1.PANEL2:1
wv_ctrl_wheel_up WV1.PANEL2:1
wv_ctrl_wheel_down WV1.PANEL2:1
wv_ctrl_wheel_down WV1.PANEL2:1
wv_ctrl_wheel_up WV1.PANEL2:1
wv_select_tab {Custom WaveView} {} {RBMenu} {Bar.File}
wv_select_tab {Custom WaveView} {} {RBMenu} {Bar.File}
wv_select_tab {Custom WaveView} {} {RBMenu} {Bar.Configuration}
wv_press_tool_button {Custom WaveView} {} {WVPreferences} 
wv_move_window {Preference Settings} {} 474 265
wv_select_dialog {Preference Settings} 
wv_select_pagelist_item {Preference Settings} {} {PreferenceGroup} { General} 0
wv_select_pagelist_item {Preference Settings} {} {PreferenceGroup} { General} 0
wv_set_radion {Preference Settings} {} {CanvasBackground:White} 
wv_press_button {Preference Settings} {} {Preference.ApplySave} 
wv_move_window {PreferenceSaveLocation} {} 757 467
wv_select_dialog {PreferenceSaveLocation} 
wv_press_button {PreferenceSaveLocation} {} {Cancel} 
wv_select_window {Custom WaveView} 
wv_select_dialog {Preference Settings} 
wv_press_button {Preference Settings} {} {Preference.OK} 
wv_select_tab {Custom WaveView} {} {RBMenu} {Bar.Configuration}
wv_press_tool_button {Custom WaveView} {} {WVPreferences} 
wv_move_window {Preference Settings} {} 473 242
wv_move_window {Preference Settings} {} 474 265
wv_select_dialog {Preference Settings} 
wv_set_radion {Preference Settings} {} {CanvasBackground:Black} 
wv_press_button {Preference Settings} {} {Preference.OK} 
wv_select_tab {Custom WaveView} {} {RBMenu} {Bar.Configuration}
wv_press_tool_button {Custom WaveView} {} {WVPreferences} 
wv_move_window {Preference Settings} {} 473 192
wv_move_window {Preference Settings} {} 474 265
wv_select_dialog {Preference Settings} 
wv_select_pagelist_item {Preference Settings} {} {PreferenceGroup} { Colors} 6
wv_select_pagelist_item {Preference Settings} {} {PreferenceGroup} { Colors} 6
wv_press_button {Preference Settings} {} {Preference.Cancel} 
wv_select_window {Custom WaveView} 
wv_select_waveview 1 {waveview 1}
wv_select_toolbar_item {Custom WaveView} {waveview 1:1} {Zoom In} 
wv_select_waveview 1 {waveview 1}
wv_select_toolbar_item {Custom WaveView} {waveview 1:1} {Zoom In} 
wv_select_waveview 1 {waveview 1}
wv_select_toolbar_item {Custom WaveView} {waveview 1:1} {Zoom In} 
wv_select_waveview 1 {waveview 1}
wv_select_toolbar_item {Custom WaveView} {waveview 1:1} {Zoom Out} 
wv_select_waveview 1 {waveview 1}
wv_select_toolbar_item {Custom WaveView} {waveview 1:1} {Zoom Out} 
wv_select_waveview 1 {waveview 1}
wv_select_toolbar_item {Custom WaveView} {waveview 1:1} {Zoom Out} 
wv_select_list_item {Custom WaveView} {} {sigview} {v(vin)} 6
wv_select_tab {Custom WaveView} {} {RBMenu} {Bar.Configuration}
wv_press_tool_button {Custom WaveView} {} {WVPreferences} 
wv_move_window {Preference Settings} {} 473 242
wv_move_window {Preference Settings} {} 474 265
wv_select_dialog {Preference Settings} 
wv_select_pagelist_item {Preference Settings} {} {PreferenceGroup} { Colors} 6
wv_select_combox_item {Preference Settings} {} {ThickLinesWidth} " 5" 4
wv_press_button {Preference Settings} {} {Preference.OK} 
wv_select_list_item {Custom WaveView} {} {sigview} {v(vin)} 6
wv_dclick_list_item {Custom WaveView} {} {sigview} {v(vin)} 6
wv_select_list_item {Custom WaveView} {} {sigview} {v(vin)} 6
wv_press_tool_button {Custom WaveView} {} {NewWaveView0} 
wv_select_list_item {Custom WaveView} {} {sigview} {v(vdd)} 5
wv_select_list_item {Custom WaveView} {} {sigview} {v(vin)} 6
wv_press_tool_button {Custom WaveView} {waveview 1:1} {Waveview.CloseBtn} 
wv_move_window {Confirmation} {} 863 506
wv_select_dialog {Confirmation} 
wv_press_button {Confirmation} {} {Ok} 
wv_select_list_item {Custom WaveView} {} {sigview} {v(vin)} 6
wv_dclick_list_item {Custom WaveView} {} {sigview} {v(vin)} 6
wv_select_list_item {Custom WaveView} {} {sigview} {v(vout)} 7
wv_dclick_list_item {Custom WaveView} {} {sigview} {v(vout)} 7
wv_ctrl_wheel_up WV1.PANEL1:1
wv_ctrl_wheel_down WV1.PANEL1:1
wv_select_waveview 1 {waveview 2}
wv_select_panel WV1.PANEL1:1 1.31839e-09 0.774194
wv_drag_item_to WV1 209 236
wv_zoom WV1.PANEL1:1 1.31839e-09 0.774194 5.53724e-09 0.740323
wv_select_waveview 1 {waveview 2}
wv_select_panel WV1.PANEL1:1 1.44143e-09 0.785717
wv_drag_item_to WV1 175 138
wv_zoom WV1.PANEL1:1 1.44143e-09 0.785717 2.87456e-09 0.771902
wv_press_key Ctrl_Z 682 292
wv_press_key Ctrl_Z 682 292
wv_select_waveview 1 {waveview 2}
wv_select_toolbar_item {Custom WaveView} {waveview 2:2} {Zoom Mode} 
wv_select_waveview 1 {waveview 2}
wv_select_toolbar_item {Custom WaveView} {waveview 2:2} {Zoom Mode} 
wv_select_waveview 1 {waveview 2}
wv_select_toolbar_item {Custom WaveView} {waveview 2:2} {Zoom Mode} 
wv_press_tool_button {Custom WaveView} {waveview 2:2} {Waveview.CloseBtn} 
wv_move_window {Confirmation} {} 863 506
wv_select_dialog {Confirmation} 
wv_press_button {Confirmation} {} {Ok} 
wv_select_list_item {Custom WaveView} {} {sigview} {v(vin)} 6
wv_dclick_list_item {Custom WaveView} {} {sigview} {v(vin)} 6
wv_select_list_item {Custom WaveView} {} {sigview} {v(vin)} 6
wv_dclick_list_item {Custom WaveView} {} {sigview} {v(vin)} 6
wv_select_list_item {Custom WaveView} {} {sigview} {v(vin)} 6
wv_dclick_list_item {Custom WaveView} {} {sigview} {v(vin)} 6
wv_select_list_item {Custom WaveView} {} {sigview} {v(vout)} 7
wv_dclick_list_item {Custom WaveView} {} {sigview} {v(vout)} 7
wv_press_tool_button {Custom WaveView} {} {NewWaveView0} 
wv_resize_browser {Custom WaveView} {} {waveview 1:1} 1660 840
wv_select_list_item {Custom WaveView} {} {sigview} {v(vdd)} 5
wv_dclick_list_item {Custom WaveView} {} {sigview} {v(vdd)} 5
wv_press_tool_button {Custom WaveView} {waveview 1:1} {Waveview.CloseBtn} 
wv_move_window {Confirmation} {} 863 506
wv_select_dialog {Confirmation} 
wv_press_button {Confirmation} {} {Ok} 
wv_press_tool_button {Custom WaveView} {} {NewWaveView0} 
wv_resize_browser {Custom WaveView} {} {waveview 1:1} 1660 840
wv_select_list_item {Custom WaveView} {} {sigview} {v(vin)} 6
wv_dclick_list_item {Custom WaveView} {} {sigview} {v(vin)} 6
wv_select_list_item {Custom WaveView} {} {sigview} {v(vout)} 7
wv_dclick_list_item {Custom WaveView} {} {sigview} {v(vout)} 7
wv_select_waveview 1 {waveview 1}
wv_select_toolbar_item {Custom WaveView} {waveview 1:1} {Zoom Mode} 
wv_select_waveview 1 {waveview 1}
wv_select_toolbar_item {Custom WaveView} {waveview 1:1} {Zoom Mode} 
wv_select_waveview 1 {waveview 1}
wv_select_toolbar_item {Custom WaveView} {waveview 1:1} {Zoom In} 
wv_select_waveview 1 {waveview 1}
wv_select_toolbar_item {Custom WaveView} {waveview 1:1} {Zoom In} 
wv_select_waveview 1 {waveview 1}
wv_select_toolbar_item {Custom WaveView} {waveview 1:1} {Zoom Out} 
wv_select_waveview 1 {waveview 1}
wv_select_toolbar_item {Custom WaveView} {waveview 1:1} {Zoom Out} 
wv_select_waveview 1 {waveview 1}
wv_select_toolbar_item {Custom WaveView} {waveview 1:1} {Zoom Out} 
wv_select_waveview 1 {waveview 1}
wv_select_toolbar_item {Custom WaveView} {waveview 1:1} {Zoom Out} 
wv_select_waveview 1 {waveview 1}
wv_select_toolbar_item {Custom WaveView} {waveview 1:1} {Zoom In} 
wv_select_waveview 1 {waveview 1}
wv_select_toolbar_item {Custom WaveView} {waveview 1:1} {Zoom Mode} 
wv_select_waveview 1 {waveview 1}
wv_select_toolbar_item {Custom WaveView} {waveview 1:1} {Zoom Mode} 
wv_select_waveview 1 {waveview 1}
wv_select_toolbar_item {Custom WaveView} {waveview 1:1} {Zoom In} 
wv_select_waveview 1 {waveview 1}
wv_select_toolbar_item {Custom WaveView} {waveview 1:1} {Zoom In} 
wv_select_waveview 1 {waveview 1}
wv_select_toolbar_item {Custom WaveView} {waveview 1:1} {Zoom In} 
wv_select_waveview 1 {waveview 1}
wv_select_toolbar_item {Custom WaveView} {waveview 1:1} {Zoom In} 
wv_select_waveview 1 {waveview 1}
wv_select_toolbar_item {Custom WaveView} {waveview 1:1} {Zoom Out} 
wv_select_waveview 1 {waveview 1}
wv_select_toolbar_item {Custom WaveView} {waveview 1:1} {Zoom Out} 
wv_select_waveview 1 {waveview 1}
wv_select_toolbar_item {Custom WaveView} {waveview 1:1} {Zoom In} 
wv_select_waveview 1 {waveview 1}
wv_select_toolbar_item {Custom WaveView} {waveview 1:1} {Zoom Out} 
wv_select_waveview 1 {waveview 1}
wv_select_toolbar_item {Custom WaveView} {waveview 1:1} {Zoom In} 
wv_select_waveview 1 {waveview 1}
wv_select_toolbar_item {Custom WaveView} {waveview 1:1} {Zoom Out} 
wv_select_waveview 1 {waveview 1}
wv_select_toolbar_item {Custom WaveView} {waveview 1:1} {Zoom In} 
wv_select_waveview 1 {waveview 1}
wv_select_toolbar_item {Custom WaveView} {waveview 1:1} {Zoom Out} 
wv_select_waveview 1 {waveview 1}
wv_select_toolbar_item {Custom WaveView} {waveview 1:1} {Zoom Out} 
wv_select_waveview 1 {waveview 1}
wv_select_toolbar_item {Custom WaveView} {waveview 1:1} {Zoom In} 
wv_select_waveview 1 {waveview 1}
wv_select_toolbar_item {Custom WaveView} {waveview 1:1} {Zoom Out} 
wv_select_waveview 1 {waveview 1}
wv_select_toolbar_item {Custom WaveView} {waveview 1:1} {Zoom Mode} 
wv_select_waveview 1 {waveview 1}
wv_select_toolbar_item {Custom WaveView} {waveview 1:1} {Zoom Mode} 
wv_select_waveview 1 {waveview 1}
wv_select_toolbar_item {Custom WaveView} {waveview 1:1} {Zoom Mode} 
wv_select_waveview 1 {waveview 1}
wv_select_toolbar_item {Custom WaveView} {waveview 1:1} {Zoom Mode} 
wv_select_waveview 1 {waveview 1}
wv_select_toolbar_item {Custom WaveView} {waveview 1:1} {Zoom In} 
wv_select_waveview 1 {waveview 1}
wv_select_toolbar_item {Custom WaveView} {waveview 1:1} {Zoom Out} 
wv_select_waveview 1 {waveview 1}
wv_select_toolbar_item {Custom WaveView} {waveview 1:1} {Zoom In} 
wv_select_waveview 1 {waveview 1}
wv_select_toolbar_item {Custom WaveView} {waveview 1:1} {Zoom Mode} 
wv_select_waveview 1 {waveview 1}
wv_select_toolbar_item {Custom WaveView} {waveview 1:1} {Zoom Mode} 
wv_select_waveview 1 {waveview 1}
wv_select_toolbar_item {Custom WaveView} {waveview 1:1} {Zoom In} 
wv_select_waveview 1 {waveview 1}
wv_select_toolbar_item {Custom WaveView} {waveview 1:1} {Zoom Mode} 
wv_select_waveview 1 {waveview 1}
wv_select_toolbar_item {Custom WaveView} {waveview 1:1} {Zoom In} 
wv_select_waveview 1 {waveview 1}
wv_select_toolbar_item {Custom WaveView} {waveview 1:1} {Zoom Out} 
wv_select_waveview 1 {waveview 1}
wv_select_toolbar_item {Custom WaveView} {waveview 1:1} {Zoom Mode} 
wv_select_waveview 1 {waveview 1}
wv_select_toolbar_item {Custom WaveView} {waveview 1:1} {Zoom Mode} 
wv_select_waveview 1 {waveview 1}
wv_select_toolbar_item {Custom WaveView} {waveview 1:1} {Zoom In} 
wv_select_tab {Custom WaveView} {} {RBMenu} {Bar.Configuration}
wv_press_tool_button {Custom WaveView} {} {WVPreferences} 
wv_move_window {Preference Settings} {} 473 192
wv_select_dialog {Preference Settings} 
wv_move_window {Preference Settings} {} 474 265
wv_set_radion {Preference Settings} {} {DisplayModelessDialog:AlwaysonTop} 
wv_set_radion {Preference Settings} {} {CanvasBackground:White} 
wv_set_radion {Preference Settings} {} {DisplayModelessDialog:AlwaysonTop} 
wv_press_button {Preference Settings} {} {Preference.Cancel} 
wv_select_window {Custom WaveView} 
wv_press_tool_button {Custom WaveView} {} {WVPreferences} 
wv_move_window {Preference Settings} {} 473 242
wv_move_window {Preference Settings} {} 473 242
wv_move_window {Preference Settings} {} 474 265
wv_select_dialog {Preference Settings} 
wv_set_radion {Preference Settings} {} {CanvasBackground:White} 
wv_press_button {Preference Settings} {} {Preference.OK} 
wv_press_key Shift_L 732 430
wv_select_tab {Custom WaveView} {} {RBMenu} {Bar.File}
wv_press_tool_button {Custom WaveView} {waveview 1:1} {Waveview.CloseBtn} 
wv_move_window {Confirmation} {} 863 506
wv_select_dialog {Confirmation} 
wv_press_button {Confirmation} {} {Ok} 
wv_press_tool_button {Custom WaveView} {} {OpenWaveform0} 
wv_move_window {FileDialog} {} 592 299
wv_close_dialog {FileDialog} 
wv_select_window {Custom WaveView} 
wv_press_tool_button {Custom WaveView} {} {OpenWaveform0} 
wv_move_window {FileDialog} {} 592 299
wv_select_list_item {FileDialog} {} {FileList} {test.tr0} 9
wv_dclick_list_item {FileDialog} {} {FileList} {test.tr0} 9
wv_resize_browser {Custom WaveView} {} {waveview 1:1} 1660 840
wv_expand_tree_item {Custom WaveView} {} {hierview} {D0:test.tr0(1)} {+sep=@}
wv_expand_tree_item {Custom WaveView} {} {hierview} {D0:test.tr0(1)@toplevel(0)} {+sep=@}
wv_select_tree_item {Custom WaveView} {} {hierview} {D0:test.tr0(1)@toplevel(0)} {0} {+sep=@}
wv_select_tree_item {Custom WaveView} {} {hierview} {D0:test.tr0(1)@toplevel(0)@xnand(0)} {0} {+sep=@}
wv_select_tree_item {Custom WaveView} {} {hierview} {D0:test.tr0(1)@toplevel(0)@xnor(1)} {0} {+sep=@}
wv_select_tree_item {Custom WaveView} {} {hierview} {D0:test.tr0(0)@toplevel(0)} {0} {+sep=@}
wv_select_tree_item {Custom WaveView} {} {hierview} {D0:test.tr0(1)@toplevel(0)} {0} {+sep=@}
wv_select_tree_item {Custom WaveView} {} {hierview} {D0:test.tr0(1)@toplevel(0)@xnand(0)} {0} {+sep=@}
wv_select_tree_item {Custom WaveView} {} {hierview} {D0:test.tr0(1)@toplevel(0)@xnor(1)} {0} {+sep=@}
wv_select_tree_item {Custom WaveView} {} {hierview} {D0:test.tr0(1)@toplevel(0)@xnand(0)} {0} {+sep=@}
wv_select_tree_item {Custom WaveView} {} {hierview} {D0:test.tr0(1)@toplevel(0)} {0} {+sep=@}
wv_select_list_item {Custom WaveView} {} {sigview} {v(c)} 11
wv_select_list_item {Custom WaveView} {} {sigview} {v(d)} 12
wv_select_list_item {Custom WaveView} {} {sigview} {v(c)} 11
wv_select_list_item {Custom WaveView} {} {sigview} {v(d)} 12
wv_select_window {Custom WaveView} 
wv_select_waveview 1 {waveview 1}
wv_release_wv_item WV1 1555 459
wv_press_tool_button {Custom WaveView} {} {OpenWaveformFile0} 
wv_move_window {FileDialog} {} 592 299
wv_select_list_item {FileDialog} {} {FileList} {test.tr0} 9
wv_dclick_list_item {FileDialog} {} {FileList} {test.tr0} 9
wv_expand_tree_item {Custom WaveView} {} {hierview} {D0:test.tr0(2)} {+sep=@}
wv_select_tree_item {Custom WaveView} {} {hierview} {D0:test.tr0(1)} {0} {+sep=@}
wv_tree_context_menu {Custom WaveView} {} {hierview} 48 45 {D0:test.tr0(1)} {+sep=@}
wv_select_menu_item {Custom WaveView} {} {FileViewPopMenu.Close All} 
wv_move_window {Confirmation} {} 869 506
wv_select_dialog {Confirmation} 
wv_press_button {Confirmation} {} {Cancel} 
wv_select_window {Custom WaveView} 
wv_tree_context_menu {Custom WaveView} {} {hierview} 143 41 {D0:test.tr0(1)} {+sep=@}
wv_select_menu_item {Custom WaveView} {} {FileViewPopMenu.Close Selected Files} 
wv_move_window {SelectFilesForCloseOrMeasure} {} 823 446
wv_select_dialog {SelectFilesForCloseOrMeasure} 
wv_press_button {SelectFilesForCloseOrMeasure} {} {Ok} 
wv_tree_context_menu {Custom WaveView} {} {hierview} 103 9 {D0:test.tr0(0)} {+sep=@}
wv_select_menu_item {Custom WaveView} {} {FileViewPopMenu.Close All} 
wv_move_window {Confirmation} {} 869 506
wv_select_dialog {Confirmation} 
wv_press_button {Confirmation} {} {Cancel} 
wv_select_window {Custom WaveView} 
wv_tree_context_menu {Custom WaveView} {} {hierview} 158 10 {D0:test.tr0(0)} {+sep=@}
wv_select_menu_item {Custom WaveView} {} {FileViewPopMenu.Close Selected Files} 
wv_move_window {SelectFilesForCloseOrMeasure} {} 823 446
wv_select_dialog {SelectFilesForCloseOrMeasure} 
wv_press_button {SelectFilesForCloseOrMeasure} {} {Ok} 
wv_expand_tree_item {Custom WaveView} {} {hierview} {D0:test.tr0(0)@toplevel(0)} {+sep=@}
wv_select_tree_item {Custom WaveView} {} {hierview} {D0:test.tr0(0)@toplevel(0)} {0} {+sep=@}
wv_drag_tree_item {Custom WaveView} {} {hierview} {D0:test.tr0(0)@toplevel(0)} {+sep=@}
wv_select_tree_item {Custom WaveView} {} {hierview} {D0:test.tr0(0)@toplevel(0)@xnand(0)} {0} {+sep=@}
wv_drag_tree_item {Custom WaveView} {} {hierview} {D0:test.tr0(0)@toplevel(0)} {+sep=@}
wv_select_tree_item {Custom WaveView} {} {hierview} {D0:test.tr0(0)@toplevel(0)} {0} {+sep=@}
wv_select_list_item {Custom WaveView} {} {sigview} {v(x)} 16
wv_dclick_list_item {Custom WaveView} {} {sigview} {v(x)} 16
wv_select_list_item {Custom WaveView} {} {sigview} {v(x)} 16
wv_select_list_item {Custom WaveView} {} {sigview} {v(y)} 17
wv_dclick_list_item {Custom WaveView} {} {sigview} {v(y)} 17
wv_select_list_item {Custom WaveView} {} {sigview} {v(out_3)} 12
wv_dclick_list_item {Custom WaveView} {} {sigview} {v(out_3)} 12
wv_select_waveview 1 {waveview 1}
wv_select_toolbar_item {Custom WaveView} {waveview 1:1} {Zoom Mode} 
wv_select_waveview 1 {waveview 1}
wv_select_toolbar_item {Custom WaveView} {waveview 1:1} {Zoom Out} 
wv_select_window {Custom WaveView} 
wv_select_list_item {Custom WaveView} {} {sigview} {v(vdd)} 13
wv_select_list_item {Custom WaveView} {} {sigview} {v(out_3)} 12
wv_select_list_item {Custom WaveView} {} {sigview} {v(a)} 9
wv_press_tool_button {Custom WaveView} {waveview 1:1} {Waveview.CloseBtn} 
wv_move_window {Confirmation} {} 863 506
wv_select_dialog {Confirmation} 
wv_press_button {Confirmation} {} {Ok} 
wv_press_tool_button {Custom WaveView} {} {NewWaveView0} 
wv_resize_browser {Custom WaveView} {} {waveview 1:1} 1660 840
wv_select_list_item {Custom WaveView} {} {sigview} {v(a)} 9
wv_dclick_list_item {Custom WaveView} {} {sigview} {v(a)} 9
wv_select_list_item {Custom WaveView} {} {sigview} {v(b)} 10
wv_dclick_list_item {Custom WaveView} {} {sigview} {v(b)} 10
wv_select_list_item {Custom WaveView} {} {sigview} {v(out_2)} 11
wv_dclick_list_item {Custom WaveView} {} {sigview} {v(out_2)} 11
wv_select_waveview 1 {waveview 1}
wv_select_toolbar_item {Custom WaveView} {waveview 1:1} {Zoom Mode} 
wv_select_waveview 1 {waveview 1}
wv_select_toolbar_item {Custom WaveView} {waveview 1:1} {Zoom Out} 
wv_select_window {Custom WaveView} 
wv_select_waveview 1 {waveview 1}
wv_select_toolbar_item {Custom WaveView} {waveview 1:1} {Zoom Out} 
wv_select_waveview 1 {waveview 1}
wv_select_toolbar_item {Custom WaveView} {waveview 1:1} {Zoom Out} 
wv_select_waveview 1 {waveview 1}
wv_select_toolbar_item {Custom WaveView} {waveview 1:1} {Zoom In} 
wv_select_waveview 1 {waveview 1}
wv_select_toolbar_item {Custom WaveView} {waveview 1:1} {Zoom In} 
wv_select_waveview 1 {waveview 1}
wv_select_toolbar_item {Custom WaveView} {waveview 1:1} {Zoom In} 
wv_select_waveview 1 {waveview 1}
wv_select_toolbar_item {Custom WaveView} {waveview 1:1} {Zoom Out} 
wv_select_window {Custom WaveView} 
wv_select_list_item {Custom WaveView} {} {sigview} {v(out_2)} 11
wv_select_list_item {Custom WaveView} {} {sigview} {v(out_3)} 12
wv_select_list_item {Custom WaveView} {} {sigview} {v(out_2)} 11
wv_select_window {Custom WaveView} 
wv_press_tool_button {Custom WaveView} {} {OpenWaveformFile0} 
wv_move_window {FileDialog} {} 592 299
wv_select_list_item {FileDialog} {} {FileList} {test.tr0} 10
wv_select_list_item {FileDialog} {} {FileList} {test.tr0} 10
wv_select_list_item {FileDialog} {} {FileList} {test.tr0} 10
wv_dclick_list_item {FileDialog} {} {FileList} {test.tr0} 10
wv_press_tool_button {Custom WaveView} {waveview 1:1} {Waveview.CloseBtn} 
wv_move_window {Confirmation} {} 863 506
wv_select_dialog {Confirmation} 
wv_press_button {Confirmation} {} {Ok} 
wv_expand_tree_item {Custom WaveView} {} {hierview} {D0:test.tr0(1)} {+sep=@}
wv_expand_tree_item {Custom WaveView} {} {hierview} {D0:test.tr0(1)@toplevel(0)} {+sep=@}
wv_select_tree_item {Custom WaveView} {} {hierview} {D0:test.tr0(1)@toplevel(0)} {0} {+sep=@}
wv_select_tree_item {Custom WaveView} {} {hierview} {D0:test.tr0(1)@toplevel(0)@xinv(0)} {0} {+sep=@}
wv_select_tree_item {Custom WaveView} {} {hierview} {D0:test.tr0(1)@toplevel(0)} {0} {+sep=@}
wv_select_list_item {Custom WaveView} {} {sigview} {v(vin)} 17
wv_select_list_item {Custom WaveView} {} {sigview} {v(vin)} 17
wv_dclick_list_item {Custom WaveView} {} {sigview} {v(vin)} 17
wv_select_list_item {Custom WaveView} {} {sigview} {v(vin)} 17
wv_dclick_list_item {Custom WaveView} {} {sigview} {v(vin)} 17
wv_press_tool_button {Custom WaveView} {} {NewWaveView0} 
wv_resize_browser {Custom WaveView} {} {waveview 1:1} 1660 840
wv_select_list_item {Custom WaveView} {} {sigview} {v(vin)} 17
wv_dclick_list_item {Custom WaveView} {} {sigview} {v(vin)} 17
wv_select_list_item {Custom WaveView} {} {sigview} {v(out_1)} 13
wv_dclick_list_item {Custom WaveView} {} {sigview} {v(out_1)} 13
wv_ctrl_wheel_down WV1.PANEL2:1
wv_ctrl_wheel_down WV1.PANEL2:1
wv_ctrl_wheel_down WV1.PANEL2:1
wv_ctrl_wheel_down WV1.PANEL2:1
wv_ctrl_wheel_up WV1.PANEL2:1
wv_ctrl_wheel_up WV1.PANEL2:1
wv_ctrl_wheel_up WV1.PANEL2:1
wv_ctrl_wheel_up WV1.PANEL2:1
wv_ctrl_wheel_up WV1.PANEL2:1
wv_ctrl_wheel_down WV1.PANEL2:1
wv_ctrl_wheel_down WV1.PANEL2:1
wv_ctrl_wheel_down WV1.PANEL2:1
wv_select_window {Custom WaveView} 
wv_press_tool_button {Custom WaveView} {} {OpenWaveformFile0} 
wv_move_window {FileDialog} {} 592 299
wv_close_dialog {FileDialog} 
wv_select_window {Custom WaveView} 
wv_collapse_tree_item {Custom WaveView} {} {hierview} {D0:test.tr0(1)} {+sep=@}
wv_select_tree_item {Custom WaveView} {} {hierview} {D0:test.tr0(1)} {0} {+sep=@}
wv_tree_context_menu {Custom WaveView} {} {hierview} 118 73 {D0:test.tr0(1)} {+sep=@}
wv_select_menu_item {Custom WaveView} {} {FileViewPopMenu.Close All} 
wv_move_window {Confirmation} {} 869 506
wv_select_dialog {Confirmation} 
wv_press_button {Confirmation} {} {Ok} 
wv_press_tool_button {Custom WaveView} {} {OpenWaveformFile0} 
wv_move_window {FileDialog} {} 592 299
wv_select_list_item {FileDialog} {} {FileList} {test.tr0} 10
wv_dclick_list_item {FileDialog} {} {FileList} {test.tr0} 10
wv_expand_tree_item {Custom WaveView} {} {hierview} {D0:test.tr0(0)} {+sep=@}
wv_expand_tree_item {Custom WaveView} {} {hierview} {D0:test.tr0(0)@toplevel(0)} {+sep=@}
wv_select_tree_item {Custom WaveView} {} {hierview} {D0:test.tr0(0)@toplevel(0)} {0} {+sep=@}
wv_select_list_item {Custom WaveView} {} {sigview} {v(vin)} 17
wv_dclick_list_item {Custom WaveView} {} {sigview} {v(vin)} 17
wv_select_list_item {Custom WaveView} {} {sigview} {v(out_1)} 13
wv_dclick_list_item {Custom WaveView} {} {sigview} {v(out_1)} 13
wv_select_waveview 1 {waveview 1}
wv_select_toolbar_item {Custom WaveView} {waveview 1:1} {Full Unzoom} 
wv_select_waveview 1 {waveview 1}
wv_select_toolbar_item {Custom WaveView} {waveview 1:1} {Full Unzoom} 
wv_select_waveview 1 {waveview 1}
wv_select_toolbar_item {Custom WaveView} {waveview 1:1} {Zoom Mode} 
wv_select_waveview 1 {waveview 1}
wv_select_toolbar_item {Custom WaveView} {waveview 1:1} {Zoom Out} 
wv_select_window {Custom WaveView} 
wv_press_tool_button {Custom WaveView} {waveview 1:1} {Waveview.CloseBtn} 
wv_move_window {Confirmation} {} 863 506
wv_select_dialog {Confirmation} 
wv_press_button {Confirmation} {} {Ok} 
wv_select_list_item {Custom WaveView} {} {sigview} {v(a)} 9
wv_dclick_list_item {Custom WaveView} {} {sigview} {v(a)} 9
wv_press_tool_button {Custom WaveView} {} {NewWaveView0} 
wv_resize_browser {Custom WaveView} {} {waveview 1:1} 1660 840
wv_select_list_item {Custom WaveView} {} {sigview} {v(a)} 9
wv_dclick_list_item {Custom WaveView} {} {sigview} {v(a)} 9
wv_select_list_item {Custom WaveView} {} {sigview} {v(b)} 10
wv_dclick_list_item {Custom WaveView} {} {sigview} {v(b)} 10
wv_select_list_item {Custom WaveView} {} {sigview} {v(out_2)} 14
wv_dclick_list_item {Custom WaveView} {} {sigview} {v(out_2)} 14
wv_select_waveview 1 {waveview 1}
wv_select_toolbar_item {Custom WaveView} {waveview 1:1} {Zoom Mode} 
wv_select_waveview 1 {waveview 1}
wv_select_toolbar_item {Custom WaveView} {waveview 1:1} {Zoom Out} 
wv_select_window {Custom WaveView} 
wv_press_tool_button {Custom WaveView} {waveview 1:1} {Waveview.CloseBtn} 
wv_move_window {Confirmation} {} 863 506
wv_select_dialog {Confirmation} 
wv_press_button {Confirmation} {} {Ok} 
wv_select_list_item {Custom WaveView} {} {sigview} {v(c)} 11
wv_dclick_list_item {Custom WaveView} {} {sigview} {v(c)} 11
wv_select_list_item {Custom WaveView} {} {sigview} {v(c)} 11
wv_dclick_list_item {Custom WaveView} {} {sigview} {v(c)} 11
wv_press_tool_button {Custom WaveView} {} {NewWaveView0} 
wv_resize_browser {Custom WaveView} {} {waveview 1:1} 1660 840
wv_select_list_item {Custom WaveView} {} {sigview} {v(c)} 11
wv_dclick_list_item {Custom WaveView} {} {sigview} {v(c)} 11
wv_select_list_item {Custom WaveView} {} {sigview} {v(d)} 12
wv_dclick_list_item {Custom WaveView} {} {sigview} {v(d)} 12
wv_select_list_item {Custom WaveView} {} {sigview} {v(vdd)} 16
wv_dclick_list_item {Custom WaveView} {} {sigview} {v(vdd)} 16
wv_press_tool_button {Custom WaveView} {} {NewWaveView0} 
wv_press_tool_button {Custom WaveView} {waveview 1:1} {Waveview.CloseBtn} 
wv_move_window {Confirmation} {} 863 506
wv_select_dialog {Confirmation} 
wv_press_button {Confirmation} {} {Ok} 
wv_select_list_item {Custom WaveView} {} {sigview} {v(c)} 11
wv_dclick_list_item {Custom WaveView} {} {sigview} {v(c)} 11
wv_select_list_item {Custom WaveView} {} {sigview} {v(d)} 12
wv_dclick_list_item {Custom WaveView} {} {sigview} {v(d)} 12
wv_select_list_item {Custom WaveView} {} {sigview} {v(out_3)} 15
wv_dclick_list_item {Custom WaveView} {} {sigview} {v(out_3)} 15
wv_select_waveview 1 {waveview 2}
wv_select_toolbar_item {Custom WaveView} {waveview 2:2} {Zoom Mode} 
wv_select_waveview 1 {waveview 2}
wv_select_toolbar_item {Custom WaveView} {waveview 2:2} {Zoom Out} 
wv_select_window {Custom WaveView} 
